13:25:13 - =================================================
13:25:13 - IMPLEMENTAÇÃO DO MÓDULO PAYMENTS (CUSTOS)
13:25:13 - Data: 2025-10-31 13:25:13
13:25:13 - =================================================
13:25:13 - ARQUIVOS CRIADOS:
13:25:13 - 1. /classes/controllers/Payments.php - Controller principal
13:25:13 - 2. /classes/views/payments/main-list.view.php - View da listagem
13:25:13 - 3. /classes/views/payments/main-new.view.php - View novo/edição
13:25:13 - 4. /classes/views/payments/payments-list.view.php - View com DataTable
13:25:13 - 5. /classes/views/payments/payments-new.view.php - View com validação JS
13:25:13 - ARQUIVOS JÁ EXISTENTES:
13:25:13 - 1. /classes/models/Payments.php - Model já existe e está correto
13:25:13 - 2. Tabela PAYMENTS já existe no banco de dados
13:25:13 - 3. Botão 'Custos' já existe na view Admin
13:25:13 - CAMPOS DO FORMULÁRIO:
13:25:13 -    - payment_type: Tipo (Despesa/Receita/Investimento)
13:25:13 -    - payment_date: Data (obrigatório)
13:25:13 -    - payment_description: Descrição (obrigatório)
13:25:13 -    - payment_value: Valor (obrigatório)
13:25:13 -    - payment_output: Saída
13:25:13 -    - payment_supplier: Fornecedor
13:25:13 -    - payment_category: Categoria (6 opções)
13:25:13 -    - payment_method: Método de pagamento (6 opções)
13:25:13 -    - payment_flag_provision: Checkbox Provisão
13:25:13 - FUNCIONALIDADES IMPLEMENTADAS:
13:25:13 -    - Listagem com DataTables em português
13:25:13 -    - Formulário de inserção/edição
13:25:13 -    - Validação JavaScript no frontend
13:25:13 -    - Validação PHP no backend
13:25:13 -    - Permissões de acesso (payments_add/edit/delete)
13:25:13 -    - Layout responsivo Bootstrap 4.6.2
13:25:13 - ESTRUTURA DA TABELA:
13:25:13 -    - PAYMENT_TYPE: Varchar(30)
13:25:13 -    - PAYMENT_DATE: Date
13:25:13 -    - PAYMENT_DESCRIPTION: Varchar(50)
13:25:13 -    - PAYMENT_VALUE: Decimal(10,2)
13:25:13 -    - PAYMENT_OUTPUT: Decimal(10,2)
13:25:13 -    - PAYMENT_SUPPLIER: Varchar(50)
13:25:13 -    - PAYMENT_CATEGORY: Varchar(30)
13:25:13 -    - PAYMENT_FLAG_PROVISION: Boolean
13:25:13 -    - PAYMENT_METHOD: Varchar(30)
13:25:13 - ROTAS DISPONÍVEIS:
13:25:13 -    - /Payments/_list - Listagem de custos
13:25:13 -    - /Payments/_new?id=new - Novo custo
13:25:13 -    - /Payments/_new?id={id} - Editar custo
13:25:13 -    - /Payments/_delete?id={id} - Excluir custo
13:25:13 - =================================================
13:25:13 - MÓDULO PAYMENTS IMPLEMENTADO COM SUCESSO
13:25:13 - =================================================
