TESTE: Verificando se a função amm_log está funcionando corretamente
TESTE: Data/hora atual: 2025-10-30 18:32:10
TESTE_AJAX: Testando amm_log no contexto Ajax
TESTE_AJAX: ROOTPATH_CLASSES = /workspaces/amm001/ammpet/classes/core/
20:28:42 - =================================================
20:28:42 - IMPLEMENTAÇÃO DOS BOTÕES DE PAGAMENTO RÁPIDO
20:28:42 - Data: 2025-10-30 20:28:42
20:28:42 - =================================================
20:28:42 - ALTERAÇÕES REALIZADAS:
20:28:42 - 1. Modificado /classes/controllers/OrderPayment.php
20:28:42 -    - Adicionados 5 botões de pagamento rápido
20:28:42 -    - Implementado JavaScript para auto-preenchimento
20:28:42 -    - Ajustado layout para distribuir espaço 70%/30%
20:28:42 - BOTÕES IMPLEMENTADOS:
20:28:42 -    - Dinheiro (cor laranja #ff8c42)
20:28:42 -    - Débito (cor laranja #ff8c42)
20:28:42 -    - Crédito (cor laranja #ff8c42)
20:28:42 -    - Pix (cor laranja #ff8c42)
20:28:42 -    - Pacote (cor laranja #ff8c42)
20:28:42 - FUNCIONALIDADES:
20:28:42 -    - Auto-preenchimento do valor pendente (ORDER_DEBT)
20:28:42 -    - Definição automática da data atual
20:28:42 -    - Seleção automática do tipo de pagamento
20:28:42 -    - Submissão automática do formulário
20:28:42 -    - Validação de débito pendente > 0
20:28:42 - CAMPOS UTILIZADOS:
20:28:42 -    - order_debt (valor pendente do pedido)
20:28:42 -    - paid_amount (valor do pagamento)
20:28:42 -    - payment_type (tipo do pagamento)
20:28:42 -    - date (data do pagamento)
20:28:42 -    - button (botão de submissão)
20:28:42 - DISPONIBILIDADE:
20:28:42 -    - Apenas para novos pagamentos (id='new')
20:28:42 -    - Não disponível para edição de pagamentos existentes
20:28:42 - ESTRUTURA HTML MODIFICADA:
20:28:42 -    - col-sm-7: Área dos botões de pagamento rápido
20:28:42 -    - col-sm-5: Área do botão Confirmar (reduzido)
20:28:42 - JAVASCRIPT IMPLEMENTADO:
20:28:42 -    - Função quickPayment(paymentType)
20:28:42 -    - Validação de campos obrigatórios
20:28:42 -    - Formatação automática da data
20:28:42 - =================================================
20:28:42 - IMPLEMENTAÇÃO CONCLUÍDA COM SUCESSO
20:28:42 - =================================================
20:34:23 - =================================================
20:34:23 - IMPLEMENTAÇÃO DOS BOTÕES DE PAGAMENTO RÁPIDO
20:34:23 - Data: 2025-10-30 20:34:23
20:34:23 - =================================================
20:34:23 - ALTERAÇÕES REALIZADAS:
20:34:23 - 1. Modificado /classes/controllers/OrderPayment.php
20:34:23 -    - Adicionados 5 botões de pagamento rápido
20:34:23 -    - Implementado JavaScript para auto-preenchimento
20:34:23 -    - Ajustado layout para distribuir espaço 70%/30%
20:34:23 - BOTÕES IMPLEMENTADOS:
20:34:23 -    - Dinheiro (cor laranja #ff8c42)
20:34:23 -    - Débito (cor laranja #ff8c42)
20:34:23 -    - Crédito (cor laranja #ff8c42)
20:34:23 -    - Pix (cor laranja #ff8c42)
20:34:23 -    - Pacote (cor laranja #ff8c42)
20:34:23 - FUNCIONALIDADES:
20:34:23 -    - Auto-preenchimento do valor pendente (ORDER_DEBT)
20:34:23 -    - Definição automática da data atual
20:34:23 -    - Seleção automática do tipo de pagamento
20:34:23 -    - Submissão automática do formulário
20:34:23 -    - Validação de débito pendente > 0
20:34:23 - CAMPOS UTILIZADOS:
20:34:23 -    - order_debt (valor pendente do pedido)
20:34:23 -    - paid_amount (valor do pagamento)
20:34:23 -    - payment_type (tipo do pagamento)
20:34:23 -    - date (data do pagamento)
20:34:23 -    - button (botão de submissão)
20:34:23 - DISPONIBILIDADE:
20:34:23 -    - Apenas para novos pagamentos (id='new')
20:34:23 -    - Não disponível para edição de pagamentos existentes
20:34:23 - ESTRUTURA HTML MODIFICADA:
20:34:23 -    - col-sm-7: Área dos botões de pagamento rápido
20:34:23 -    - col-sm-5: Área do botão Confirmar (reduzido)
20:34:23 - JAVASCRIPT IMPLEMENTADO:
20:34:23 -    - Função quickPayment(paymentType)
20:34:23 -    - Validação de campos obrigatórios
20:34:23 -    - Formatação automática da data
20:34:23 - =================================================
20:34:23 - AJUSTE DE DESIGN - PADRONIZAÇÃO DOS BOTÕES
20:34:23 - Data: 2025-10-30 20:34:23
20:34:23 - =================================================
20:34:23 - ALTERAÇÕES DE DESIGN:
20:34:23 -    - Classe alterada: btn-sm → btn-lg
20:34:23 -    - Fonte alterada: 10px → 12px
20:34:23 -    - Altura fixa definida: 48px
20:34:23 -    - Padding removido (usando altura fixa)
20:34:23 - RESULTADO ESPERADO:
20:34:23 -    - Botões com mesma altura do botão Confirmar
20:34:23 -    - Texto mais legível (fonte 12px)
20:34:23 -    - Aparência mais profissional
20:34:23 -    - Melhor experiência do usuário
20:34:23 - =================================================
20:34:23 - IMPLEMENTAÇÃO CONCLUÍDA COM SUCESSO
20:34:23 - =================================================
20:50:26 - =================================================
20:50:26 - IMPLEMENTAÇÃO DOS BOTÕES DE PAGAMENTO RÁPIDO
20:50:26 - Data: 2025-10-30 20:50:26
20:50:26 - =================================================
20:50:26 - ALTERAÇÕES REALIZADAS:
20:50:26 - 1. Modificado /classes/controllers/OrderPayment.php
20:50:26 -    - Adicionados 5 botões de pagamento rápido
20:50:26 -    - Implementado JavaScript para auto-preenchimento
20:50:26 -    - Ajustado layout para distribuir espaço 70%/30%
20:50:26 - BOTÕES IMPLEMENTADOS:
20:50:26 -    - Dinheiro (cor laranja #ff8c42)
20:50:26 -    - Débito (cor laranja #ff8c42)
20:50:26 -    - Crédito (cor laranja #ff8c42)
20:50:26 -    - Pix (cor laranja #ff8c42)
20:50:26 -    - Pacote (cor laranja #ff8c42)
20:50:26 - FUNCIONALIDADES:
20:50:26 -    - Auto-preenchimento do valor pendente (ORDER_DEBT)
20:50:26 -    - Definição automática da data atual
20:50:26 -    - Seleção automática do tipo de pagamento
20:50:26 -    - Submissão automática do formulário
20:50:26 -    - Validação de débito pendente > 0
20:50:26 - CAMPOS UTILIZADOS:
20:50:26 -    - order_debt (valor pendente do pedido)
20:50:26 -    - paid_amount (valor do pagamento)
20:50:26 -    - payment_type (tipo do pagamento)
20:50:26 -    - date (data do pagamento)
20:50:26 -    - button (botão de submissão)
20:50:26 - DISPONIBILIDADE:
20:50:26 -    - Apenas para novos pagamentos (id='new')
20:50:26 -    - Não disponível para edição de pagamentos existentes
20:50:26 - ESTRUTURA HTML MODIFICADA:
20:50:26 -    - col-sm-7: Área dos botões de pagamento rápido
20:50:26 -    - col-sm-5: Área do botão Confirmar (reduzido)
20:50:26 - JAVASCRIPT IMPLEMENTADO:
20:50:26 -    - Função quickPayment(paymentType)
20:50:26 -    - Validação de campos obrigatórios
20:50:26 -    - Formatação automática da data
20:50:26 - =================================================
20:50:26 - AJUSTE DE LAYOUT - REORGANIZAÇÃO DOS BOTÕES
20:50:26 - Data: 2025-10-30 20:50:26
20:50:26 - =================================================
20:50:26 - NOVA ESTRUTURA DE LAYOUT:
20:50:26 -    - Botões de pagamento rápido: ocupam 50% da linha
20:50:26 -    - Cada botão: col-sm (tamanho igual automático)
20:50:26 -    - Botão Confirmar: linha separada, 25% à direita
20:50:26 -    - Espaçamento: margin-top 10px entre as linhas
20:50:26 - ALTERAÇÕES IMPLEMENTADAS:
20:50:26 -    - Container dos botões: col-sm-7 → col-sm-6
20:50:26 -    - Botões individuais: col-sm-2/4 → col-sm
20:50:26 -    - Botão Confirmar: nova linha com col-sm-3
20:50:26 -    - Alinhamento: 9 colunas vazias + 3 colunas botão
20:50:26 - RESULTADO ESPERADO:
20:50:26 -    - Layout mais limpo e organizado
20:50:26 -    - Botões todos do mesmo tamanho
20:50:26 -    - Botão Confirmar destacado em linha própria
20:50:26 -    - Melhor hierarquia visual
20:50:26 - =================================================
20:50:26 - IMPLEMENTAÇÃO CONCLUÍDA COM SUCESSO
20:50:26 - =================================================
21:45:26 - =================================================
21:45:26 - IMPLEMENTAÇÃO DO MÓDULO PAYMENTS (CUSTOS)
21:45:26 - Data: 2025-10-30 21:45:26
21:45:26 - =================================================
21:45:26 - ARQUIVOS CRIADOS:
21:45:26 - 1. /classes/controllers/Payments.php - Controller principal
21:45:26 - 2. /classes/views/payments/main-list.view.php - View da listagem
21:45:26 - 3. /classes/views/payments/main-new.view.php - View novo/edição
21:45:26 - 4. /classes/views/payments/payments-list.view.php - View com DataTable
21:45:26 - 5. /classes/views/payments/payments-new.view.php - View com validação JS
21:45:26 - ARQUIVOS JÁ EXISTENTES:
21:45:26 - 1. /classes/models/Payments.php - Model já existe e está correto
21:45:26 - 2. Tabela PAYMENTS já existe no banco de dados
21:45:26 - 3. Botão 'Custos' já existe na view Admin
21:45:26 - CAMPOS DO FORMULÁRIO:
21:45:26 -    - payment_type: Tipo (Despesa/Receita/Investimento)
21:45:26 -    - payment_date: Data (obrigatório)
21:45:26 -    - payment_description: Descrição (obrigatório)
21:45:26 -    - payment_value: Valor (obrigatório)
21:45:26 -    - payment_output: Saída
21:45:26 -    - payment_supplier: Fornecedor
21:45:26 -    - payment_category: Categoria (6 opções)
21:45:26 -    - payment_method: Método de pagamento (6 opções)
21:45:26 -    - payment_flag_provision: Checkbox Provisão
21:45:26 - FUNCIONALIDADES IMPLEMENTADAS:
21:45:26 -    - Listagem com DataTables em português
21:45:26 -    - Formulário de inserção/edição
21:45:26 -    - Validação JavaScript no frontend
21:45:26 -    - Validação PHP no backend
21:45:26 -    - Permissões de acesso (payments_add/edit/delete)
21:45:26 -    - Layout responsivo Bootstrap 4.6.2
21:45:26 - ESTRUTURA DA TABELA:
21:45:26 -    - PAYMENT_TYPE: Varchar(30)
21:45:26 -    - PAYMENT_DATE: Date
21:45:26 -    - PAYMENT_DESCRIPTION: Varchar(50)
21:45:26 -    - PAYMENT_VALUE: Decimal(10,2)
21:45:26 -    - PAYMENT_OUTPUT: Decimal(10,2)
21:45:26 -    - PAYMENT_SUPPLIER: Varchar(50)
21:45:26 -    - PAYMENT_CATEGORY: Varchar(30)
21:45:26 -    - PAYMENT_FLAG_PROVISION: Boolean
21:45:26 -    - PAYMENT_METHOD: Varchar(30)
21:45:26 - ROTAS DISPONÍVEIS:
21:45:26 -    - /Payments/_list - Listagem de custos
21:45:26 -    - /Payments/_new?id=new - Novo custo
21:45:26 -    - /Payments/_new?id={id} - Editar custo
21:45:26 -    - /Payments/_delete?id={id} - Excluir custo
21:45:26 - =================================================
21:45:26 - MÓDULO PAYMENTS IMPLEMENTADO COM SUCESSO
21:45:26 - =================================================
